<?xml version="1.0" encoding="utf-8"?><testsuites name="pytest tests"><testsuite name="pytest" errors="0" failures="0" skipped="0" tests="18" time="1.379" timestamp="2026-01-28T13:11:45.900927+00:00" hostname="agent-env-c2ab64b2-e4c7-4fb7-a002-d92d22b559cb"><testcase classname="backend.tests.test_api.TestHealthCheck" name="test_api_root" time="0.059" /><testcase classname="backend.tests.test_api.TestAuthentication" name="test_login_with_valid_credentials" time="0.040" /><testcase classname="backend.tests.test_api.TestAuthentication" name="test_login_with_invalid_credentials" time="0.039" /><testcase classname="backend.tests.test_api.TestAuthentication" name="test_registration_disabled" time="0.044" /><testcase classname="backend.tests.test_api.TestFAQsAPI" name="test_get_faqs_public" time="0.038" /><testcase classname="backend.tests.test_api.TestFAQsAPI" name="test_create_faq" time="0.077" /><testcase classname="backend.tests.test_api.TestFAQsAPI" name="test_update_faq" time="0.160" /><testcase classname="backend.tests.test_api.TestFAQsAPI" name="test_delete_faq" time="0.199" /><testcase classname="backend.tests.test_api.TestFAQsAPI" name="test_reorder_faqs" time="0.111" /><testcase classname="backend.tests.test_api.TestSocialLinksAPI" name="test_get_social_links" time="0.041" /><testcase classname="backend.tests.test_api.TestProductsAPI" name="test_get_products" time="0.038" /><testcase classname="backend.tests.test_api.TestProductsAPI" name="test_get_products_with_tags" time="0.039" /><testcase classname="backend.tests.test_api.TestProductsAPI" name="test_products_have_sort_order" time="0.036" /><testcase classname="backend.tests.test_api.TestCategoriesAPI" name="test_get_categories" time="0.037" /><testcase classname="backend.tests.test_api.TestPagesAPI" name="test_get_terms_page" time="0.040" /><testcase classname="backend.tests.test_api.TestPagesAPI" name="test_get_about_page" time="0.039" /><testcase classname="backend.tests.test_api.TestPagesAPI" name="test_get_faq_page" time="0.037" /><testcase classname="backend.tests.test_api.TestReviewsAPI" name="test_get_reviews" time="0.194" /></testsuite></testsuites>